{"/Users/adriannavaldivia/personal/astrology-javascript-series/app/components/SectionButton.tsx": {"path":"/Users/adriannavaldivia/personal/astrology-javascript-series/app/components/SectionButton.tsx","statementMap":{"0":{"start":{"line":2,"column":0},"end":{"line":2,"column":48}},"1":{"start":{"line":10,"column":29},"end":{"line":25,"column":2}},"2":{"start":{"line":27,"column":24},"end":{"line":55,"column":2}},"3":{"start":{"line":28,"column":31},"end":{"line":28,"column":60}},"4":{"start":{"line":40,"column":32},"end":{"line":40,"column":71}},"5":{"start":{"line":49,"column":4},"end":{"line":54,"column":null}},"6":{"start":{"line":57,"column":22},"end":{"line":75,"column":1}},"7":{"start":{"line":63,"column":2},"end":{"line":74,"column":4}},"8":{"start":{"line":77,"column":0},"end":{"line":77,"column":29}}},"fnMap":{"0":{"name":"(anonymous_0)","decl":{"start":{"line":28,"column":21},"end":{"line":28,"column":22}},"loc":{"start":{"line":28,"column":31},"end":{"line":28,"column":60}}},"1":{"name":"(anonymous_1)","decl":{"start":{"line":40,"column":15},"end":{"line":40,"column":16}},"loc":{"start":{"line":40,"column":32},"end":{"line":40,"column":71}}},"2":{"name":"(anonymous_2)","decl":{"start":{"line":48,"column":4},"end":{"line":48,"column":5}},"loc":{"start":{"line":49,"column":4},"end":{"line":54,"column":null}}},"3":{"name":"(anonymous_3)","decl":{"start":{"line":57,"column":22},"end":{"line":57,"column":23}},"loc":{"start":{"line":62,"column":25},"end":{"line":75,"column":1}}}},"branchMap":{"0":{"loc":{"start":{"line":40,"column":32},"end":{"line":40,"column":71}},"type":"cond-expr","locations":[{"start":{"line":40,"column":41},"end":{"line":40,"column":64}},{"start":{"line":40,"column":67},"end":{"line":40,"column":71}}]},"1":{"loc":{"start":{"line":49,"column":4},"end":{"line":54,"column":null}},"type":"binary-expr","locations":[{"start":{"line":49,"column":4},"end":{"line":49,"column":13}},{"start":{"line":50,"column":4},"end":{"line":54,"column":null}}]},"2":{"loc":{"start":{"line":61,"column":2},"end":{"line":61,"column":12}},"type":"default-arg","locations":[{"start":{"line":61,"column":9},"end":{"line":61,"column":12}}]}},"s":{"0":1,"1":1,"2":1,"3":8,"4":2,"5":2,"6":1,"7":2,"8":1},"f":{"0":8,"1":2,"2":2,"3":2},"b":{"0":[2,0],"1":[2,1],"2":[2]}}
}
